2023-08-12 08:10:00,601 ********************************************************************************
2023-08-12 08:10:00,601 Start of process
2023-08-12 08:10:00,602 Retrieved connection data
2023-08-12 08:10:00,603 Retrieved email notification data
2023-08-12 08:10:00,703 Opened DB Connection "ControlConnection"
2023-08-12 08:10:00,703 Opened QB Target DB connection
2023-08-12 08:15:28,078 QuickBooks DB Connection Failure ('00000', '[00000] [QODBC] QuickBooks Begin Session Failed. Error = 80040414, A modal dialog box is showing in the QuickBooks user interface. Your application cannot access QuickBooks until the user dismisses the dialog box.\nFor more details please visit: qodbc.com/links/1095 (10041) (SQLDriverConnect); [00000] [QODBC] QuickBooks Begin Session Failed. Error = 80040414, A modal dialog box is showing in the QuickBooks user interface. Your application cannot access QuickBooks until the user dismisses the dialog box.\nFor more details please visit: qodbc.com/links/1095 (10041)')
2023-08-12 08:15:28,079 Error in QB Extract process - exceptions must derive from BaseException
2023-08-12 08:15:28,163 Opened Mail Server
2023-08-12 08:15:28,786 Sent Failure email to jtoro@pxltd.ca
2023-08-12 08:15:28,808 Execution ended. Error code is 1
2023-08-12 08:15:28,808 Closing DB Connection "QbSourceConnection"
2023-08-12 08:15:28,808 Closing DB Connection "ControlConnection"
2023-08-12 12:10:00,625 ********************************************************************************
2023-08-12 12:10:00,625 Start of process
2023-08-12 12:10:00,626 Retrieved connection data
2023-08-12 12:10:00,626 Retrieved email notification data
2023-08-12 12:10:00,668 Opened DB Connection "ControlConnection"
2023-08-12 12:10:00,669 Opened QB Target DB connection
2023-08-12 12:15:15,525 QuickBooks DB Connection Failure ('00000', '[00000] [QODBC] QuickBooks Begin Session Failed. Error = 80040414, A modal dialog box is showing in the QuickBooks user interface. Your application cannot access QuickBooks until the user dismisses the dialog box.\nFor more details please visit: qodbc.com/links/1095 (10041) (SQLDriverConnect); [00000] [QODBC] QuickBooks Begin Session Failed. Error = 80040414, A modal dialog box is showing in the QuickBooks user interface. Your application cannot access QuickBooks until the user dismisses the dialog box.\nFor more details please visit: qodbc.com/links/1095 (10041)')
2023-08-12 12:15:15,526 Error in QB Extract process - exceptions must derive from BaseException
2023-08-12 12:15:15,603 Opened Mail Server
2023-08-12 12:15:16,307 Sent Failure email to jtoro@pxltd.ca
2023-08-12 12:15:16,325 Execution ended. Error code is 1
2023-08-12 12:15:16,326 Closing DB Connection "QbSourceConnection"
2023-08-12 12:15:16,326 Closing DB Connection "ControlConnection"
2023-08-12 16:10:00,603 ********************************************************************************
2023-08-12 16:10:00,603 Start of process
2023-08-12 16:10:00,604 Retrieved connection data
2023-08-12 16:10:00,604 Retrieved email notification data
2023-08-12 16:10:00,710 Opened DB Connection "ControlConnection"
2023-08-12 16:10:00,711 Opened QB Target DB connection
2023-08-12 16:15:18,197 QuickBooks DB Connection Failure ('00000', '[00000] [QODBC] QuickBooks Begin Session Failed. Error = 80040414, A modal dialog box is showing in the QuickBooks user interface. Your application cannot access QuickBooks until the user dismisses the dialog box.\nFor more details please visit: qodbc.com/links/1095 (10041) (SQLDriverConnect); [00000] [QODBC] QuickBooks Begin Session Failed. Error = 80040414, A modal dialog box is showing in the QuickBooks user interface. Your application cannot access QuickBooks until the user dismisses the dialog box.\nFor more details please visit: qodbc.com/links/1095 (10041)')
2023-08-12 16:15:18,198 Error in QB Extract process - exceptions must derive from BaseException
2023-08-12 16:15:18,284 Opened Mail Server
2023-08-12 16:15:19,443 Sent Failure email to jtoro@pxltd.ca
2023-08-12 16:15:19,462 Execution ended. Error code is 1
2023-08-12 16:15:19,462 Closing DB Connection "QbSourceConnection"
2023-08-12 16:15:19,462 Closing DB Connection "ControlConnection"
2023-08-12 20:10:00,526 ********************************************************************************
2023-08-12 20:10:00,526 Start of process
2023-08-12 20:10:00,526 Retrieved connection data
2023-08-12 20:10:00,527 Retrieved email notification data
2023-08-12 20:10:00,649 Opened DB Connection "ControlConnection"
2023-08-12 20:10:00,649 Opened QB Target DB connection
2023-08-12 20:15:14,473 QuickBooks DB Connection Failure ('00000', '[00000] [QODBC] QuickBooks Begin Session Failed. Error = 80040414, A modal dialog box is showing in the QuickBooks user interface. Your application cannot access QuickBooks until the user dismisses the dialog box.\nFor more details please visit: qodbc.com/links/1095 (10041) (SQLDriverConnect); [00000] [QODBC] QuickBooks Begin Session Failed. Error = 80040414, A modal dialog box is showing in the QuickBooks user interface. Your application cannot access QuickBooks until the user dismisses the dialog box.\nFor more details please visit: qodbc.com/links/1095 (10041)')
2023-08-12 20:15:14,473 Error in QB Extract process - exceptions must derive from BaseException
2023-08-12 20:15:14,551 Opened Mail Server
2023-08-12 20:15:15,193 Sent Failure email to jtoro@pxltd.ca
2023-08-12 20:15:15,212 Execution ended. Error code is 1
2023-08-12 20:15:15,212 Closing DB Connection "QbSourceConnection"
2023-08-12 20:15:15,213 Closing DB Connection "ControlConnection"
