2023-08-08 08:10:00,775 ********************************************************************************
2023-08-08 08:10:00,775 Start of process
2023-08-08 08:10:00,776 Retrieved connection data
2023-08-08 08:10:00,777 Retrieved email notification data
2023-08-08 08:10:00,929 Opened DB Connection "ControlConnection"
2023-08-08 08:10:00,929 Opened QB Target DB connection
2023-08-08 08:10:58,113 QuickBooks DB Connection Failure ('00000', '[00000] [QODBC] QuickBooks Begin Session Failed. Error = 80040437, The user you are trying to log in with is already logged in from another machine.\n (10041) (SQLDriverConnect); [00000] [QODBC] QuickBooks Begin Session Failed. Error = 80040437, The user you are trying to log in with is already logged in from another machine.\n (10041)')
2023-08-08 08:10:58,113 Error in QB Extract process - exceptions must derive from BaseException
2023-08-08 08:10:58,188 Opened Mail Server
2023-08-08 08:10:59,017 Sent Failure email to jtoro@pxltd.ca
2023-08-08 08:10:59,036 Execution ended. Error code is 1
2023-08-08 08:10:59,036 Closing DB Connection "QbSourceConnection"
2023-08-08 08:10:59,037 Closing DB Connection "ControlConnection"
2023-08-08 12:10:01,071 ********************************************************************************
2023-08-08 12:10:01,071 Start of process
2023-08-08 12:10:01,072 Retrieved connection data
2023-08-08 12:10:01,072 Retrieved email notification data
2023-08-08 12:10:01,142 Opened DB Connection "ControlConnection"
2023-08-08 12:10:01,143 Opened QB Target DB connection
2023-08-08 12:15:29,503 QuickBooks DB Connection Failure ('00000', '[00000] [QODBC] QuickBooks Begin Session Failed. Error = 80040414, A modal dialog box is showing in the QuickBooks user interface. Your application cannot access QuickBooks until the user dismisses the dialog box.\nFor more details please visit: qodbc.com/links/1095 (10041) (SQLDriverConnect); [00000] [QODBC] QuickBooks Begin Session Failed. Error = 80040414, A modal dialog box is showing in the QuickBooks user interface. Your application cannot access QuickBooks until the user dismisses the dialog box.\nFor more details please visit: qodbc.com/links/1095 (10041)')
2023-08-08 12:15:29,503 Error in QB Extract process - exceptions must derive from BaseException
2023-08-08 12:15:29,599 Opened Mail Server
2023-08-08 12:15:31,476 Sent Failure email to jtoro@pxltd.ca
2023-08-08 12:15:31,498 Execution ended. Error code is 1
2023-08-08 12:15:31,498 Closing DB Connection "QbSourceConnection"
2023-08-08 12:15:31,498 Closing DB Connection "ControlConnection"
2023-08-08 16:10:00,625 ********************************************************************************
2023-08-08 16:10:00,626 Start of process
2023-08-08 16:10:00,626 Retrieved connection data
2023-08-08 16:10:00,626 Retrieved email notification data
2023-08-08 16:10:00,684 Opened DB Connection "ControlConnection"
2023-08-08 16:10:00,684 Opened QB Target DB connection
2023-08-08 16:15:25,177 QuickBooks DB Connection Failure ('00000', '[00000] [QODBC] QuickBooks Begin Session Failed. Error = 80040414, A modal dialog box is showing in the QuickBooks user interface. Your application cannot access QuickBooks until the user dismisses the dialog box.\nFor more details please visit: qodbc.com/links/1095 (10041) (SQLDriverConnect); [00000] [QODBC] QuickBooks Begin Session Failed. Error = 80040414, A modal dialog box is showing in the QuickBooks user interface. Your application cannot access QuickBooks until the user dismisses the dialog box.\nFor more details please visit: qodbc.com/links/1095 (10041)')
2023-08-08 16:15:25,178 Error in QB Extract process - exceptions must derive from BaseException
2023-08-08 16:15:25,254 Opened Mail Server
2023-08-08 16:15:25,827 Sent Failure email to jtoro@pxltd.ca
2023-08-08 16:15:25,848 Execution ended. Error code is 1
2023-08-08 16:15:25,849 Closing DB Connection "QbSourceConnection"
2023-08-08 16:15:25,849 Closing DB Connection "ControlConnection"
2023-08-08 20:10:00,526 ********************************************************************************
2023-08-08 20:10:00,526 Start of process
2023-08-08 20:10:00,526 Retrieved connection data
2023-08-08 20:10:00,526 Retrieved email notification data
2023-08-08 20:10:00,574 Opened DB Connection "ControlConnection"
2023-08-08 20:10:00,574 Opened QB Target DB connection
2023-08-08 20:15:19,887 QuickBooks DB Connection Failure ('00000', '[00000] [QODBC] QuickBooks Begin Session Failed. Error = 80040414, A modal dialog box is showing in the QuickBooks user interface. Your application cannot access QuickBooks until the user dismisses the dialog box.\nFor more details please visit: qodbc.com/links/1095 (10041) (SQLDriverConnect); [00000] [QODBC] QuickBooks Begin Session Failed. Error = 80040414, A modal dialog box is showing in the QuickBooks user interface. Your application cannot access QuickBooks until the user dismisses the dialog box.\nFor more details please visit: qodbc.com/links/1095 (10041)')
2023-08-08 20:15:19,888 Error in QB Extract process - exceptions must derive from BaseException
2023-08-08 20:15:20,304 Opened Mail Server
2023-08-08 20:15:20,945 Sent Failure email to jtoro@pxltd.ca
2023-08-08 20:15:20,963 Execution ended. Error code is 1
2023-08-08 20:15:20,963 Closing DB Connection "QbSourceConnection"
2023-08-08 20:15:20,964 Closing DB Connection "ControlConnection"
