2023-02-26 08:10:00,732 ********************************************************************************
2023-02-26 08:10:00,732 Start of process
2023-02-26 08:10:00,732 Retrieved connection data
2023-02-26 08:10:00,733 Retrieved email notification data
2023-02-26 08:10:00,885 Opened DB Connection "ControlConnection"
2023-02-26 08:10:00,886 Opened QB Target DB connection
2023-02-26 08:46:35,462 QuickBooks DB Connection Failure ('00000', '[00000] [QODBC] QuickBooks Begin Session Failed. Error = 80040408, Could not start QuickBooks.\nFor more details please visit: qodbc.com/links/2529 (10041) (SQLDriverConnect); [00000] [QODBC] QuickBooks Begin Session Failed. Error = 80040408, Could not start QuickBooks.\nFor more details please visit: qodbc.com/links/2529 (10041)')
2023-02-26 08:46:35,462 Error in QB Extract process - exceptions must derive from BaseException
2023-02-26 08:46:35,556 Opened Mail Server
2023-02-26 08:46:36,038 Sent Failure email to jtoro@pxltd.ca
2023-02-26 08:46:36,057 Execution ended. Error code is 1
2023-02-26 08:46:36,058 Closing DB Connection "QbSourceConnection"
2023-02-26 08:46:36,058 Closing DB Connection "ControlConnection"
2023-02-26 12:10:00,850 ********************************************************************************
2023-02-26 12:10:00,851 Start of process
2023-02-26 12:10:00,851 Retrieved connection data
2023-02-26 12:10:00,852 Retrieved email notification data
2023-02-26 12:10:01,010 Opened DB Connection "ControlConnection"
2023-02-26 12:10:01,010 Opened QB Target DB connection
2023-02-26 12:47:00,619 QuickBooks DB Connection Failure ('00000', '[00000] [QODBC] QuickBooks Begin Session Failed. Error = 80040408, Could not start QuickBooks.\nFor more details please visit: qodbc.com/links/2529 (10041) (SQLDriverConnect); [00000] [QODBC] QuickBooks Begin Session Failed. Error = 80040408, Could not start QuickBooks.\nFor more details please visit: qodbc.com/links/2529 (10041)')
2023-02-26 12:47:00,620 Error in QB Extract process - exceptions must derive from BaseException
2023-02-26 12:47:00,712 Opened Mail Server
2023-02-26 12:47:01,388 Sent Failure email to jtoro@pxltd.ca
2023-02-26 12:47:01,409 Execution ended. Error code is 1
2023-02-26 12:47:01,409 Closing DB Connection "QbSourceConnection"
2023-02-26 12:47:01,409 Closing DB Connection "ControlConnection"
2023-02-26 16:10:00,555 ********************************************************************************
2023-02-26 16:10:00,555 Start of process
2023-02-26 16:10:00,556 Retrieved connection data
2023-02-26 16:10:00,556 Retrieved email notification data
2023-02-26 16:10:00,611 Opened DB Connection "ControlConnection"
2023-02-26 16:10:00,611 Opened QB Target DB connection
2023-02-26 16:46:32,540 QuickBooks DB Connection Failure ('00000', '[00000] [QODBC] QuickBooks Begin Session Failed. Error = 80040408, Could not start QuickBooks.\nFor more details please visit: qodbc.com/links/2529 (10041) (SQLDriverConnect); [00000] [QODBC] QuickBooks Begin Session Failed. Error = 80040408, Could not start QuickBooks.\nFor more details please visit: qodbc.com/links/2529 (10041)')
2023-02-26 16:46:32,540 Error in QB Extract process - exceptions must derive from BaseException
2023-02-26 16:46:32,617 Opened Mail Server
2023-02-26 16:46:33,194 Sent Failure email to jtoro@pxltd.ca
2023-02-26 16:46:33,213 Execution ended. Error code is 1
2023-02-26 16:46:33,213 Closing DB Connection "QbSourceConnection"
2023-02-26 16:46:33,214 Closing DB Connection "ControlConnection"
2023-02-26 20:10:00,584 ********************************************************************************
2023-02-26 20:10:00,584 Start of process
2023-02-26 20:10:00,584 Retrieved connection data
2023-02-26 20:10:00,585 Retrieved email notification data
2023-02-26 20:10:00,631 Opened DB Connection "ControlConnection"
2023-02-26 20:10:00,631 Opened QB Target DB connection
2023-02-26 20:46:06,976 QuickBooks DB Connection Failure ('00000', '[00000] [QODBC] QuickBooks Begin Session Failed. Error = 80040408, Could not start QuickBooks.\nFor more details please visit: qodbc.com/links/2529 (10041) (SQLDriverConnect); [00000] [QODBC] QuickBooks Begin Session Failed. Error = 80040408, Could not start QuickBooks.\nFor more details please visit: qodbc.com/links/2529 (10041)')
2023-02-26 20:46:06,977 Error in QB Extract process - exceptions must derive from BaseException
2023-02-26 20:46:07,071 Opened Mail Server
2023-02-26 20:46:08,220 Sent Failure email to jtoro@pxltd.ca
2023-02-26 20:46:08,246 Execution ended. Error code is 1
2023-02-26 20:46:08,246 Closing DB Connection "QbSourceConnection"
2023-02-26 20:46:08,246 Closing DB Connection "ControlConnection"
