2022-11-24 13:43:08,406 ********************************************************************************
2022-11-24 13:43:08,407 Start of process
2022-11-24 13:43:08,407 Retrieved connection data
2022-11-24 13:43:32,222 Opened DB Connection "QbSourceConnection"
2022-11-24 13:43:32,223 Opened QB Source DB connection
2022-11-24 13:43:32,253 Opened DB Connection "QbTargetConnection"
2022-11-24 13:43:32,253 Opened QB Target DB connection
2022-11-24 13:43:32,255 Number of QB Source Tables Retrieved -> 154
2022-11-24 13:43:32,273 Number of QB Target Tables Retrieved -> 323
2022-11-24 13:43:32,276 
************************************************************
Tables found in the QuickBook Source and not in the Target -> []
2022-11-24 13:43:32,276 ***QB COLUMNS *****************************************************************
2022-11-24 13:43:32,313 Account 
2022-11-24 13:43:32,336 AccountTaxLineInfo 
2022-11-24 13:43:32,400 ARRefundCreditCard 
2022-11-24 13:43:32,470 ARRefundCreditCardRefundAppliedTo 
2022-11-24 13:43:32,504 BarCode 
2022-11-24 13:43:32,672 Bill 
2022-11-24 13:43:32,749 BillExpenseLine 
2022-11-24 13:43:32,857 BillItemLine 
2022-11-24 13:43:32,921 BillLinkedTxn 
2022-11-24 13:43:32,954 BillingRate 
2022-11-24 13:43:33,031 BillingRateLine 
2022-11-24 13:43:33,085 BillPaymentCheck 
2022-11-24 13:43:33,155 BillPaymentCheckLine 
2022-11-24 13:43:33,232 BillPaymentCheckLineLinkedTxn 
2022-11-24 13:43:33,263 BillPaymentCreditCard 
2022-11-24 13:43:33,331 BillPaymentCreditCardLine 
2022-11-24 13:43:33,373 BillPaymentCreditCardLineLinkedTxn 
2022-11-24 13:43:33,401 BillToPay 
2022-11-24 13:43:33,430 BuildAssembly 
2022-11-24 13:43:33,489 BuildAssemblyComponentItemLine 
2022-11-24 13:43:33,543 Charge 
2022-11-24 13:43:33,589 ChargeLinkedTxn 
2022-11-24 13:43:33,696 Check 
2022-11-24 13:43:33,858 CheckApplyCheckToTxn 
2022-11-24 13:43:33,972 CheckExpenseLine 
2022-11-24 13:43:34,086 CheckItemLine 
2022-11-24 13:43:34,119 Class 
2022-11-24 13:43:34,144 ClearedStatus 
2022-11-24 13:43:34,248 Company 
2022-11-24 13:43:34,282 CompanyActivity 
2022-11-24 13:43:34,353 CreditCardCharge 
2022-11-24 13:43:34,407 CreditCardChargeExpenseLine 
2022-11-24 13:43:34,517 CreditCardChargeItemLine 
2022-11-24 13:43:34,548 CreditCardCredit 
2022-11-24 13:43:34,593 CreditCardCreditExpenseLine 
2022-11-24 13:43:34,659 CreditCardCreditItemLine 
2022-11-24 13:43:35,057 CreditMemo 
2022-11-24 13:43:35,387 CreditMemoLine 
2022-11-24 13:43:35,737 CreditMemoLinkedTxn 
2022-11-24 13:43:35,764 Currency 
2022-11-24 13:43:35,979 Customer 
2022-11-24 13:43:36,156 CustomerAddtionalNote 
2022-11-24 13:43:36,386 CustomerContacts 
2022-11-24 13:43:36,570 CustomerShipToAddress 
2022-11-24 13:43:36,680 CustomerNoShippingAddr 
2022-11-24 13:43:36,701 CustomerMsg 
2022-11-24 13:43:36,725 CustomerType 
2022-11-24 13:43:36,818 CustomField 
2022-11-24 13:43:36,900 DateDrivenTerms 
2022-11-24 13:43:36,931 Deposit 
2022-11-24 13:43:37,001 DepositLine 
2022-11-24 13:43:37,092 Employee 
2022-11-24 13:43:37,183 EmployeeAddtionalNote 
2022-11-24 13:43:37,297 EmployeeEarning 
2022-11-24 13:43:37,779 Entity 
2022-11-24 13:43:38,086 EntityAdditionalNote 
2022-11-24 13:43:38,294 EntityContacts 
2022-11-24 13:43:38,599 EntityShipToAddress 
2022-11-24 13:43:38,751 Estimate 
2022-11-24 13:43:39,079 EstimateLine 
2022-11-24 13:43:39,295 EstimateLinkedTxn 
2022-11-24 13:43:39,325 Form1099 
2022-11-24 13:43:39,356 Form1099CategoryAccountMapping 
2022-11-24 13:43:39,382 Host 
2022-11-24 13:43:39,417 HostMetaData 
2022-11-24 13:43:39,468 HostSupportedVersions 
2022-11-24 13:43:39,503 InventoryAdjustment 
2022-11-24 13:43:39,566 InventoryAdjustmentLine 
2022-11-24 13:43:39,604 InventorySite 
2022-11-24 13:43:39,789 Invoice 
2022-11-24 13:43:40,109 InvoiceLine 
2022-11-24 13:43:40,291 InvoiceLinkedTxn 
2022-11-24 13:43:40,342 ModifyInwardGroupLine 
2022-11-24 13:43:40,396 ModifyOutwardGroupLine 
2022-11-24 13:43:40,959 Item 
2022-11-24 13:43:40,991 ItemAssembliesCanBuild 
2022-11-24 13:43:41,025 ItemDiscount 
2022-11-24 13:43:41,056 ItemFixedAsset 
2022-11-24 13:43:41,085 ItemGroup 
2022-11-24 13:43:41,117 ItemGroupLine 
2022-11-24 13:43:41,165 ItemInventory 
2022-11-24 13:43:41,247 ItemInventoryAssembly 
2022-11-24 13:43:41,298 ItemInventoryAssemblyLine 
2022-11-24 13:43:41,340 ItemNonInventory 
2022-11-24 13:43:41,383 ItemOtherCharge 
2022-11-24 13:43:41,409 ItemPayment 
2022-11-24 13:43:41,439 ItemReceipt 
2022-11-24 13:43:41,580 ItemReceiptExpenseLine 
2022-11-24 13:43:41,688 ItemReceiptItemLine 
2022-11-24 13:43:41,735 ItemReceiptLinkedTxn 
2022-11-24 13:43:41,763 ItemSalesTax 
2022-11-24 13:43:41,944 ItemSalesTaxGroup 
2022-11-24 13:43:41,975 ItemSalesTaxGroupLine 
2022-11-24 13:43:42,014 ItemService 
2022-11-24 13:43:42,036 ItemSubtotal 
2022-11-24 13:43:42,058 JobType 
2022-11-24 13:43:42,087 JournalEntry 
2022-11-24 13:43:42,122 JournalEntryCreditLine 
2022-11-24 13:43:42,223 JournalEntryDebitLine 
2022-11-24 13:43:42,291 JournalEntryLine 
2022-11-24 13:43:42,319 ListDeleted 
2022-11-24 13:43:42,354 OtherName 
2022-11-24 13:43:42,377 PaymentMethod 
2022-11-24 13:43:42,403 PayrollItemNonWage 
2022-11-24 13:43:42,471 PayrollItemWage 
2022-11-24 13:43:42,555 Preferences 
2022-11-24 13:43:42,581 PriceLevel 
2022-11-24 13:43:42,627 PriceLevelPerItem 
2022-11-24 13:43:42,750 PurchaseOrder 
2022-11-24 13:43:42,936 PurchaseOrderLine 
2022-11-24 13:43:43,134 PurchaseOrderLinkedTxn 
2022-11-24 13:43:43,358 ReceivePayment 
2022-11-24 13:43:43,421 ReceivePaymentLine 
2022-11-24 13:43:43,508 ReceivePaymentLineLinkedTxn 
2022-11-24 13:43:43,537 ReceivePaymentToDeposit 
2022-11-24 13:43:44,101 Sales 
2022-11-24 13:43:44,771 SalesLine 
2022-11-24 13:43:44,926 SalesOrder 
2022-11-24 13:43:45,128 SalesOrderLine 
2022-11-24 13:43:45,283 SalesOrderLinkedTxn 
2022-11-24 13:43:45,475 SalesReceipt 
2022-11-24 13:43:45,751 SalesReceiptLine 
2022-11-24 13:43:45,777 SalesRep 
2022-11-24 13:43:45,801 SalesTaxCode 
2022-11-24 13:43:45,837 SalesTaxPaymentCheck 
2022-11-24 13:43:45,885 SalesTaxPaymentCheckLine 
2022-11-24 13:43:45,911 ShipMethod 
2022-11-24 13:43:45,934 SpecialAccount 
2022-11-24 13:43:45,961 SpecialItem 
2022-11-24 13:43:46,009 StandardTerms 
2022-11-24 13:43:46,036 TaxCode 
2022-11-24 13:43:46,063 Template 
2022-11-24 13:43:46,112 Terms 
2022-11-24 13:43:46,142 TimeTracking 
2022-11-24 13:43:46,241 ToDo 
2022-11-24 13:43:46,343 Transaction 
2022-11-24 13:43:46,374 Transfer 
2022-11-24 13:43:46,403 TransferInventory 
2022-11-24 13:43:46,434 TransferInventoryLine 
2022-11-24 13:43:46,456 TxnDeleted 
2022-11-24 13:43:46,481 UnitOfMeasureSet 
2022-11-24 13:43:46,505 UnitOfMeasureSetRelatedUnit 
2022-11-24 13:43:46,530 UnitOfMeasureSetDefaultUnit 
2022-11-24 13:43:46,552 Vehicle 
2022-11-24 13:43:46,581 VehicleMileage 
2022-11-24 13:43:46,672 Vendor 
2022-11-24 13:43:46,772 VendorContacts 
2022-11-24 13:43:46,817 VendorCredit 
2022-11-24 13:43:46,910 VendorCreditExpenseLine 
2022-11-24 13:43:46,994 VendorCreditItemLine 
2022-11-24 13:43:47,041 VendorCreditLinkedTxn 
2022-11-24 13:43:47,071 VendorType 
2022-11-24 13:43:47,104 WorkersCompCode 
2022-11-24 13:43:47,133 WorkersCompCodeRateHistory 
2022-11-24 13:43:47,134 Total Execution elapsed time -> 38.7273
2022-11-24 13:43:47,134 Closing DB Connection "QbSourceConnection"
2022-11-24 13:43:49,584 Closing DB Connection "QbTargetConnection"
