2021-11-10 12:39:12,357 ********************************************************************************
2021-11-10 12:39:12,357 Start of process
2021-11-10 12:39:12,358 Retrieved connection data
2021-11-10 12:39:27,132 Opened DB Connection "QbSourceConnection"
2021-11-10 12:39:27,132 Opened QB Source DB connection
2021-11-10 12:39:27,150 Opened DB Connection "QbTargetConnection"
2021-11-10 12:39:27,151 Opened QB Target DB connection
2021-11-10 12:39:27,153 Number of QB Source Tables Retrieved -> 154
2021-11-10 12:39:27,165 Number of QB Target Tables Retrieved -> 323
2021-11-10 12:39:27,168 
************************************************************
Tables found in the QuickBook Source and not in the Target -> []
2021-11-10 12:39:27,168 ***QB COLUMNS *****************************************************************
2021-11-10 12:39:27,197 Account 
2021-11-10 12:39:27,212 AccountTaxLineInfo 
2021-11-10 12:39:27,249 ARRefundCreditCard 
2021-11-10 12:39:27,288 ARRefundCreditCardRefundAppliedTo 
2021-11-10 12:39:27,305 BarCode 
2021-11-10 12:39:27,344 Bill 
2021-11-10 12:39:27,401 BillExpenseLine 
2021-11-10 12:39:27,466 BillItemLine 
2021-11-10 12:39:27,510 BillLinkedTxn 
2021-11-10 12:39:27,527 BillingRate 
2021-11-10 12:39:27,545 BillingRateLine 
2021-11-10 12:39:27,576 BillPaymentCheck 
2021-11-10 12:39:27,612 BillPaymentCheckLine 
2021-11-10 12:39:27,655 BillPaymentCheckLineLinkedTxn 
2021-11-10 12:39:27,675 BillPaymentCreditCard 
2021-11-10 12:39:27,701 BillPaymentCreditCardLine 
2021-11-10 12:39:27,729 BillPaymentCreditCardLineLinkedTxn 
2021-11-10 12:39:27,749 BillToPay 
2021-11-10 12:39:27,772 BuildAssembly 
2021-11-10 12:39:27,798 BuildAssemblyComponentItemLine 
2021-11-10 12:39:27,823 Charge 
2021-11-10 12:39:27,850 ChargeLinkedTxn 
2021-11-10 12:39:27,893 Check 
2021-11-10 12:39:27,937 CheckApplyCheckToTxn 
2021-11-10 12:39:28,001 CheckExpenseLine 
2021-11-10 12:39:28,072 CheckItemLine 
2021-11-10 12:39:28,088 Class 
2021-11-10 12:39:28,104 ClearedStatus 
2021-11-10 12:39:28,150 Company 
2021-11-10 12:39:28,165 CompanyActivity 
2021-11-10 12:39:28,198 CreditCardCharge 
2021-11-10 12:39:28,235 CreditCardChargeExpenseLine 
2021-11-10 12:39:28,290 CreditCardChargeItemLine 
2021-11-10 12:39:28,313 CreditCardCredit 
2021-11-10 12:39:28,343 CreditCardCreditExpenseLine 
2021-11-10 12:39:28,385 CreditCardCreditItemLine 
2021-11-10 12:39:28,487 CreditMemo 
2021-11-10 12:39:28,630 CreditMemoLine 
2021-11-10 12:39:28,741 CreditMemoLinkedTxn 
2021-11-10 12:39:28,758 Currency 
2021-11-10 12:39:28,873 Customer 
2021-11-10 12:39:28,990 CustomerAddtionalNote 
2021-11-10 12:39:29,119 CustomerContacts 
2021-11-10 12:39:29,244 CustomerShipToAddress 
2021-11-10 12:39:29,325 CustomerNoShippingAddr 
2021-11-10 12:39:29,341 CustomerMsg 
2021-11-10 12:39:29,357 CustomerType 
2021-11-10 12:39:29,377 CustomField 
2021-11-10 12:39:29,394 DateDrivenTerms 
2021-11-10 12:39:29,419 Deposit 
2021-11-10 12:39:29,454 DepositLine 
2021-11-10 12:39:29,521 Employee 
2021-11-10 12:39:29,583 EmployeeAddtionalNote 
2021-11-10 12:39:29,644 EmployeeEarning 
2021-11-10 12:39:29,896 Entity 
2021-11-10 12:39:30,035 EntityAdditionalNote 
2021-11-10 12:39:30,129 EntityContacts 
2021-11-10 12:39:30,221 EntityShipToAddress 
2021-11-10 12:39:30,316 Estimate 
2021-11-10 12:39:30,455 EstimateLine 
2021-11-10 12:39:30,546 EstimateLinkedTxn 
2021-11-10 12:39:30,562 Form1099 
2021-11-10 12:39:30,578 Form1099CategoryAccountMapping 
2021-11-10 12:39:30,596 Host 
2021-11-10 12:39:30,620 HostMetaData 
2021-11-10 12:39:30,639 HostSupportedVersions 
2021-11-10 12:39:30,660 InventoryAdjustment 
2021-11-10 12:39:30,694 InventoryAdjustmentLine 
2021-11-10 12:39:30,714 InventorySite 
2021-11-10 12:39:30,837 Invoice 
2021-11-10 12:39:30,999 InvoiceLine 
2021-11-10 12:39:31,125 InvoiceLinkedTxn 
2021-11-10 12:39:31,157 ModifyInwardGroupLine 
2021-11-10 12:39:31,195 ModifyOutwardGroupLine 
2021-11-10 12:39:31,508 Item 
2021-11-10 12:39:31,525 ItemAssembliesCanBuild 
2021-11-10 12:39:31,545 ItemDiscount 
2021-11-10 12:39:31,569 ItemFixedAsset 
2021-11-10 12:39:31,587 ItemGroup 
2021-11-10 12:39:31,608 ItemGroupLine 
2021-11-10 12:39:31,642 ItemInventory 
2021-11-10 12:39:31,674 ItemInventoryAssembly 
2021-11-10 12:39:31,710 ItemInventoryAssemblyLine 
2021-11-10 12:39:31,739 ItemNonInventory 
2021-11-10 12:39:31,769 ItemOtherCharge 
2021-11-10 12:39:31,787 ItemPayment 
2021-11-10 12:39:31,812 ItemReceipt 
2021-11-10 12:39:31,845 ItemReceiptExpenseLine 
2021-11-10 12:39:31,898 ItemReceiptItemLine 
2021-11-10 12:39:31,925 ItemReceiptLinkedTxn 
2021-11-10 12:39:31,945 ItemSalesTax 
2021-11-10 12:39:31,961 ItemSalesTaxGroup 
2021-11-10 12:39:31,980 ItemSalesTaxGroupLine 
2021-11-10 12:39:32,007 ItemService 
2021-11-10 12:39:32,024 ItemSubtotal 
2021-11-10 12:39:32,041 JobType 
2021-11-10 12:39:32,062 JournalEntry 
2021-11-10 12:39:32,087 JournalEntryCreditLine 
2021-11-10 12:39:32,115 JournalEntryDebitLine 
2021-11-10 12:39:32,145 JournalEntryLine 
2021-11-10 12:39:32,161 ListDeleted 
2021-11-10 12:39:32,190 OtherName 
2021-11-10 12:39:32,207 PaymentMethod 
2021-11-10 12:39:32,224 PayrollItemNonWage 
2021-11-10 12:39:32,241 PayrollItemWage 
2021-11-10 12:39:32,287 Preferences 
2021-11-10 12:39:32,305 PriceLevel 
2021-11-10 12:39:32,327 PriceLevelPerItem 
2021-11-10 12:39:32,413 PurchaseOrder 
2021-11-10 12:39:32,536 PurchaseOrderLine 
2021-11-10 12:39:32,628 PurchaseOrderLinkedTxn 
2021-11-10 12:39:32,664 ReceivePayment 
2021-11-10 12:39:32,709 ReceivePaymentLine 
2021-11-10 12:39:32,756 ReceivePaymentLineLinkedTxn 
2021-11-10 12:39:32,775 ReceivePaymentToDeposit 
2021-11-10 12:39:33,031 Sales 
2021-11-10 12:39:33,346 SalesLine 
2021-11-10 12:39:33,451 SalesOrder 
2021-11-10 12:39:33,590 SalesOrderLine 
2021-11-10 12:39:33,693 SalesOrderLinkedTxn 
2021-11-10 12:39:33,812 SalesReceipt 
2021-11-10 12:39:33,980 SalesReceiptLine 
2021-11-10 12:39:33,996 SalesRep 
2021-11-10 12:39:34,014 SalesTaxCode 
2021-11-10 12:39:34,038 SalesTaxPaymentCheck 
2021-11-10 12:39:34,064 SalesTaxPaymentCheckLine 
2021-11-10 12:39:34,080 ShipMethod 
2021-11-10 12:39:34,097 SpecialAccount 
2021-11-10 12:39:34,114 SpecialItem 
2021-11-10 12:39:34,138 StandardTerms 
2021-11-10 12:39:34,157 TaxCode 
2021-11-10 12:39:34,172 Template 
2021-11-10 12:39:34,207 Terms 
2021-11-10 12:39:34,228 TimeTracking 
2021-11-10 12:39:34,245 ToDo 
2021-11-10 12:39:34,265 Transaction 
2021-11-10 12:39:34,285 Transfer 
2021-11-10 12:39:34,303 TransferInventory 
2021-11-10 12:39:34,326 TransferInventoryLine 
2021-11-10 12:39:34,343 TxnDeleted 
2021-11-10 12:39:34,360 UnitOfMeasureSet 
2021-11-10 12:39:34,380 UnitOfMeasureSetRelatedUnit 
2021-11-10 12:39:34,398 UnitOfMeasureSetDefaultUnit 
2021-11-10 12:39:34,414 Vehicle 
2021-11-10 12:39:34,435 VehicleMileage 
2021-11-10 12:39:34,493 Vendor 
2021-11-10 12:39:34,560 VendorContacts 
2021-11-10 12:39:34,589 VendorCredit 
2021-11-10 12:39:34,630 VendorCreditExpenseLine 
2021-11-10 12:39:34,685 VendorCreditItemLine 
2021-11-10 12:39:34,718 VendorCreditLinkedTxn 
2021-11-10 12:39:34,736 VendorType 
2021-11-10 12:39:34,753 WorkersCompCode 
2021-11-10 12:39:34,772 WorkersCompCodeRateHistory 
2021-11-10 12:39:34,777 Total Execution elapsed time -> 22.4151
2021-11-10 12:39:34,777 Closing DB Connection "QbSourceConnection"
2021-11-10 12:39:36,410 Closing DB Connection "QbTargetConnection"
