2021-11-10 09:51:33,068 ********************************************************************************
2021-11-10 09:51:33,068 Start of process
2021-11-10 09:51:33,068 Retrieved connection data
2021-11-10 09:51:33,068 Retrieved connection data
2021-11-10 09:51:47,840 Opened DB Connection "QbSourceConnection"
2021-11-10 09:51:47,840 Opened QB Source DB connection
2021-11-10 09:51:47,848 *************** DDL for -> CreditMemo *********
2021-11-10 09:51:47,941 ,[TxnID] VARCHAR(36)
,[TimeCreated] DATETIME
,[TimeModified] DATETIME
,[EditSequence] VARCHAR(16)
,[TxnNumber] INTEGER
,[CustomerRefListID] VARCHAR(36)
,[CustomerRefFullName] VARCHAR(209)
,[ClassRefListID] VARCHAR(36)
,[ClassRefFullName] VARCHAR(159)
,[ARAccountRefListID] VARCHAR(36)
,[ARAccountRefFullName] VARCHAR(159)
,[TemplateRefListID] VARCHAR(36)
,[TemplateRefFullName] VARCHAR(159)
,[TxnDate] DATE
,[TxnDateMacro] VARCHAR(23)
,[RefNumber] VARCHAR(11)
,[BillAddressAddr1] VARCHAR(41)
,[BillAddressAddr2] VARCHAR(41)
,[BillAddressAddr3] VARCHAR(41)
,[BillAddressAddr4] VARCHAR(41)
,[BillAddressAddr5] VARCHAR(41)
,[BillAddressCity] VARCHAR(31)
,[BillAddressState] VARCHAR(21)
,[BillAddressProvince] VARCHAR(21)
,[BillAddressCounty] VARCHAR(21)
,[BillAddressPostalCode] VARCHAR(13)
,[BillAddressCountry] VARCHAR(31)
,[BillAddressNote] VARCHAR(41)
,[BillAddressBlockAddr1] VARCHAR(41)
,[BillAddressBlockAddr2] VARCHAR(41)
,[BillAddressBlockAddr3] VARCHAR(41)
,[BillAddressBlockAddr4] VARCHAR(41)
,[BillAddressBlockAddr5] VARCHAR(41)
,[ShipAddressAddr1] VARCHAR(41)
,[ShipAddressAddr2] VARCHAR(41)
,[ShipAddressAddr3] VARCHAR(41)
,[ShipAddressAddr4] VARCHAR(41)
,[ShipAddressAddr5] VARCHAR(41)
,[ShipAddressCity] VARCHAR(31)
,[ShipAddressState] VARCHAR(21)
,[ShipAddressProvince] VARCHAR(21)
,[ShipAddressCounty] VARCHAR(21)
,[ShipAddressPostalCode] VARCHAR(13)
,[ShipAddressCountry] VARCHAR(31)
,[ShipAddressNote] VARCHAR(41)
,[ShipAddressBlockAddr1] VARCHAR(41)
,[ShipAddressBlockAddr2] VARCHAR(41)
,[ShipAddressBlockAddr3] VARCHAR(41)
,[ShipAddressBlockAddr4] VARCHAR(41)
,[ShipAddressBlockAddr5] VARCHAR(41)
,[IsPending] BIT
,[PONumber] VARCHAR(25)
,[TermsRefListID] VARCHAR(36)
,[TermsRefFullName] VARCHAR(31)
,[DueDate] DATE
,[SalesRepRefListID] VARCHAR(36)
,[SalesRepRefFullName] VARCHAR(5)
,[FOB] VARCHAR(13)
,[ShipDate] DATE
,[ShipMethodRefListID] VARCHAR(36)
,[ShipMethodRefFullName] VARCHAR(15)
,[Subtotal] NUMERIC(16,2)
,[ItemSalesTaxRefListID] VARCHAR(36)
,[ItemSalesTaxRefFullName] VARCHAR(31)
,[SalesTaxPercentage] NUMERIC(16,5)
,[SalesTaxTotal] NUMERIC(16,2)
,[TotalAmount] NUMERIC(16,2)
,[CreditRemaining] NUMERIC(13,2)
,[CurrencyRefListID] VARCHAR(36)
,[CurrencyRefFullName] VARCHAR(101)
,[ExchangeRate] NUMERIC(15,8)
,[Memo] VARCHAR(4095)
,[CustomerMsgRefListID] VARCHAR(36)
,[CustomerMsgRefFullName] VARCHAR(101)
,[IsToBePrinted] BIT
,[IsToBeEmailed] BIT
,[IsTaxIncluded] BIT
,[SalesTaxCodeRefListID] VARCHAR(36)
,[SalesTaxCodeRefFullName] VARCHAR(3)
,[CustomerSalesTaxCodeRefListID] VARCHAR(36)
,[CustomerSalesTaxCodeRefFullName] VARCHAR(3)
,[CustomerTaxCodeRefListID] VARCHAR(36)
,[CustomerTaxCodeRefFullName] VARCHAR(3)
,[CustomFieldOther] VARCHAR(29)
,[Tax1Total] NUMERIC(15,2)
,[Tax2Total] NUMERIC(15,2)
,[CustomFieldCOMMISSIONRATE] VARCHAR(30)
,[CustomFieldPEIN] VARCHAR(30)
,[CustomFieldPO] VARCHAR(30)
,[CustomFieldSOW] VARCHAR(30)
,[CustomFieldWORKORDER] VARCHAR(30)

2021-11-10 09:51:47,954 *************** DDL for -> ModifyInwardGroupLine *********
2021-11-10 09:51:47,983 ,[TxnID] VARCHAR(36)
,[TableName] VARCHAR(31)
,[TimeCreated] DATETIME
,[TimeModified] DATETIME
,[EditSequence] VARCHAR(16)
,[ModifyInwardGroupLineType] VARCHAR(11)
,[ModifyInwardGroupLineGroupTxnLineID] VARCHAR(36)
,[ModifyInwardGroupLineGroupItemGroupRefListID] VARCHAR(36)
,[ModifyInwardGroupLineGroupItemGroupRefFullName] VARCHAR(31)
,[ModifyInwardGroupLineGroupDesc] VARCHAR(4095)
,[ModifyInwardGroupLineGroupQuantity] NUMERIC(16,5)
,[ModifyInwardGroupLineGroupUnitOfMeasure] VARCHAR(31)
,[ModifyInwardGroupLineGroupOverrideUOMSetRefListID] VARCHAR(36)
,[ModifyInwardGroupLineGroupOverrideUOMSetRefFullName] VARCHAR(31)
,[ModifyInwardGroupLineGroupIsPrintItemsInGroup] BIT
,[ModifyInwardGroupLineGroupTotalAmount] NUMERIC(13,2)
,[ModifyInwardGroupLineGroupSeqNo] INTEGER
,[ModifyInwardGroupLineTxnLineID] VARCHAR(36)
,[ModifyInwardGroupLineItemRefListID] VARCHAR(36)
,[ModifyInwardGroupLineItemRefFullName] VARCHAR(159)
,[ModifyInwardGroupLineInventorySiteRefListID] VARCHAR(36)
,[ModifyInwardGroupLineInventorySiteRefFullName] VARCHAR(31)
,[ModifyInwardGroupLineInventorySiteLocationRefListID] VARCHAR(36)
,[ModifyInwardGroupLineInventorySiteLocationRefFullName] VARCHAR(31)
,[ModifyInwardGroupLineSerialNumber] VARCHAR(4095)
,[ModifyInwardGroupLineLotNumber] VARCHAR(40)
,[ModifyInwardGroupLineDesc] VARCHAR(4095)
,[ModifyInwardGroupLineQuantity] NUMERIC(16,5)
,[ModifyInwardGroupLineUnitOfMeasure] VARCHAR(31)
,[ModifyInwardGroupLineOverrideUOMSetRefListID] VARCHAR(36)
,[ModifyInwardGroupLineOverrideUOMSetRefFullName] VARCHAR(31)
,[ModifyInwardGroupLineCost] NUMERIC(16,5)
,[ModifyInwardGroupLineAmount] NUMERIC(13,2)
,[ModifyInwardGroupLineCustomerRefListID] VARCHAR(36)
,[ModifyInwardGroupLineCustomerRefFullName] VARCHAR(209)
,[ModifyInwardGroupLineClassRefListID] VARCHAR(36)
,[ModifyInwardGroupLineClassRefFullName] VARCHAR(159)
,[ModifyInwardGroupLineBillableStatus] VARCHAR(13)
,[ModifyInwardGroupLineOverrideItemAccountRefListID] VARCHAR(36)
,[ModifyInwardGroupLineOverrideItemAccountRefFullName] VARCHAR(159)
,[ModifyInwardGroupLineSalesRepRefListID] VARCHAR(36)
,[ModifyInwardGroupLineSalesRepRefFullName] VARCHAR(5)
,[FQPrimaryKey] VARCHAR(110)

2021-11-10 09:51:47,987 Total Execution elapsed time -> 14.9161
2021-11-10 09:51:47,988 Closing DB Connection "QbSourceConnection"
