2021-11-08 15:59:08,169 ********************************************************************************
2021-11-08 15:59:08,169 Start of process
2021-11-08 15:59:08,169 Retrieved connection data
2021-11-08 15:59:08,170 Retrieved connection data
2021-11-08 15:59:24,584 Opened DB Connection "QbSourceConnection"
2021-11-08 15:59:24,585 Opened QB Source DB connection
2021-11-08 15:59:24,596 *************** DDL for -> ModifyInwardGroupLine *********
2021-11-08 15:59:24,631 ,[TxnID] VARCHAR(36)
,[TableName] VARCHAR(31)
,[TimeCreated] DATETIME
,[TimeModified] DATETIME
,[EditSequence] VARCHAR(16)
,[ModifyInwardGroupLineType] VARCHAR(11)
,[ModifyInwardGroupLineGroupTxnLineID] VARCHAR(36)
,[ModifyInwardGroupLineGroupItemGroupRefListID] VARCHAR(36)
,[ModifyInwardGroupLineGroupItemGroupRefFullName] VARCHAR(31)
,[ModifyInwardGroupLineGroupDesc] VARCHAR(4095)
,[ModifyInwardGroupLineGroupQuantity] NUMERIC(16,5)
,[ModifyInwardGroupLineGroupUnitOfMeasure] VARCHAR(31)
,[ModifyInwardGroupLineGroupOverrideUOMSetRefListID] VARCHAR(36)
,[ModifyInwardGroupLineGroupOverrideUOMSetRefFullName] VARCHAR(31)
,[ModifyInwardGroupLineGroupIsPrintItemsInGroup] BIT
,[ModifyInwardGroupLineGroupTotalAmount] NUMERIC(13,2)
,[ModifyInwardGroupLineGroupSeqNo] INTEGER
,[ModifyInwardGroupLineTxnLineID] VARCHAR(36)
,[ModifyInwardGroupLineItemRefListID] VARCHAR(36)
,[ModifyInwardGroupLineItemRefFullName] VARCHAR(159)
,[ModifyInwardGroupLineInventorySiteRefListID] VARCHAR(36)
,[ModifyInwardGroupLineInventorySiteRefFullName] VARCHAR(31)
,[ModifyInwardGroupLineInventorySiteLocationRefListID] VARCHAR(36)
,[ModifyInwardGroupLineInventorySiteLocationRefFullName] VARCHAR(31)
,[ModifyInwardGroupLineSerialNumber] VARCHAR(4095)
,[ModifyInwardGroupLineLotNumber] VARCHAR(40)
,[ModifyInwardGroupLineDesc] VARCHAR(4095)
,[ModifyInwardGroupLineQuantity] NUMERIC(16,5)
,[ModifyInwardGroupLineUnitOfMeasure] VARCHAR(31)
,[ModifyInwardGroupLineOverrideUOMSetRefListID] VARCHAR(36)
,[ModifyInwardGroupLineOverrideUOMSetRefFullName] VARCHAR(31)
,[ModifyInwardGroupLineCost] NUMERIC(16,5)
,[ModifyInwardGroupLineAmount] NUMERIC(13,2)
,[ModifyInwardGroupLineCustomerRefListID] VARCHAR(36)
,[ModifyInwardGroupLineCustomerRefFullName] VARCHAR(209)
,[ModifyInwardGroupLineClassRefListID] VARCHAR(36)
,[ModifyInwardGroupLineClassRefFullName] VARCHAR(159)
,[ModifyInwardGroupLineBillableStatus] VARCHAR(13)
,[ModifyInwardGroupLineOverrideItemAccountRefListID] VARCHAR(36)
,[ModifyInwardGroupLineOverrideItemAccountRefFullName] VARCHAR(159)
,[ModifyInwardGroupLineSalesRepRefListID] VARCHAR(36)
,[ModifyInwardGroupLineSalesRepRefFullName] VARCHAR(5)
,[FQPrimaryKey] VARCHAR(110)

2021-11-08 15:59:24,639 *************** DDL for -> CustomerNoShippingAddr *********
2021-11-08 15:59:24,715 ,[ListID] VARCHAR(36)
,[TimeCreated] DATETIME
,[TimeModified] DATETIME
,[EditSequence] VARCHAR(16)
,[Name] VARCHAR(41)
,[FullName] VARCHAR(209)
,[IsActive] BIT
,[ClassRefListID] VARCHAR(36)
,[ClassRefFullName] VARCHAR(209)
,[ParentRefListID] VARCHAR(36)
,[ParentRefFullName] VARCHAR(209)
,[Sublevel] INTEGER
,[CompanyName] VARCHAR(41)
,[Salutation] VARCHAR(15)
,[FirstName] VARCHAR(25)
,[MiddleName] VARCHAR(5)
,[LastName] VARCHAR(25)
,[JobTitle] VARCHAR(41)
,[BillAddressAddr1] VARCHAR(41)
,[BillAddressAddr2] VARCHAR(41)
,[BillAddressAddr3] VARCHAR(41)
,[BillAddressAddr4] VARCHAR(41)
,[BillAddressAddr5] VARCHAR(41)
,[BillAddressCity] VARCHAR(31)
,[BillAddressState] VARCHAR(21)
,[BillAddressProvince] VARCHAR(21)
,[BillAddressCounty] VARCHAR(21)
,[BillAddressPostalCode] VARCHAR(13)
,[BillAddressCountry] VARCHAR(31)
,[BillAddressNote] VARCHAR(41)
,[BillAddressBlockAddr1] VARCHAR(41)
,[BillAddressBlockAddr2] VARCHAR(41)
,[BillAddressBlockAddr3] VARCHAR(41)
,[BillAddressBlockAddr4] VARCHAR(41)
,[BillAddressBlockAddr5] VARCHAR(41)
,[Phone] VARCHAR(21)
,[AltPhone] VARCHAR(21)
,[Fax] VARCHAR(21)
,[Email] VARCHAR(1023)
,[Cc] VARCHAR(1023)
,[Contact] VARCHAR(41)
,[AltContact] VARCHAR(41)
,[AdditionalContactRef1ContactName] VARCHAR(40)
,[AdditionalContactRef1ContactValue] VARCHAR(255)
,[AdditionalContactRef2ContactName] VARCHAR(40)
,[AdditionalContactRef2ContactValue] VARCHAR(255)
,[AdditionalContactRef3ContactName] VARCHAR(40)
,[AdditionalContactRef3ContactValue] VARCHAR(255)
,[AdditionalContactRef4ContactName] VARCHAR(40)
,[AdditionalContactRef4ContactValue] VARCHAR(255)
,[AdditionalContactRef5ContactName] VARCHAR(40)
,[AdditionalContactRef5ContactValue] VARCHAR(255)
,[AdditionalContactRef6ContactName] VARCHAR(40)
,[AdditionalContactRef6ContactValue] VARCHAR(255)
,[AdditionalContactRef7ContactName] VARCHAR(40)
,[AdditionalContactRef7ContactValue] VARCHAR(255)
,[AdditionalContactRef8ContactName] VARCHAR(40)
,[AdditionalContactRef8ContactValue] VARCHAR(255)
,[CustomerTypeRefListID] VARCHAR(36)
,[CustomerTypeRefFullName] VARCHAR(159)
,[TermsRefListID] VARCHAR(36)
,[TermsRefFullName] VARCHAR(31)
,[SalesRepRefListID] VARCHAR(36)
,[SalesRepRefFullName] VARCHAR(5)
,[Balance] NUMERIC(15,2)
,[TotalBalance] NUMERIC(15,2)
,[OpenBalance] NUMERIC(15,2)
,[OpenBalanceDate] DATE
,[SalesTaxCodeRefListID] VARCHAR(36)
,[SalesTaxCodeRefFullName] VARCHAR(3)
,[TaxCodeRefListID] VARCHAR(36)
,[TaxCodeRefFullName] VARCHAR(3)
,[ItemSalesTaxRefListID] VARCHAR(36)
,[ItemSalesTaxRefFullName] VARCHAR(31)
,[SalesTaxCountry] VARCHAR(31)
,[ResaleNumber] VARCHAR(15)
,[AccountNumber] VARCHAR(99)
,[BusinessNumber] VARCHAR(99)
,[CreditLimit] NUMERIC(15,2)
,[PreferredPaymentMethodRefListID] VARCHAR(36)
,[PreferredPaymentMethodRefFullName] VARCHAR(31)
,[CreditCardInfoCreditCardNumber] VARCHAR(25)
,[CreditCardInfoExpirationMonth] INTEGER
,[CreditCardInfoExpirationYear] INTEGER
,[CreditCardInfoNameOnCard] VARCHAR(41)
,[CreditCardInfoCreditCardAddress] VARCHAR(41)
,[CreditCardInfoCreditCardPostalCode] VARCHAR(41)
,[JobStatus] VARCHAR(10)
,[JobStartDate] DATE
,[JobProjectedEndDate] DATE
,[JobEndDate] DATE
,[JobDesc] VARCHAR(99)
,[JobTypeRefListID] VARCHAR(36)
,[JobTypeRefFullName] VARCHAR(159)
,[Notes] VARCHAR(4095)
,[PreferredDeliveryMethod] VARCHAR(10)
,[IsUsingCustomerTaxCode] BIT
,[PriceLevelRefListID] VARCHAR(36)
,[PriceLevelRefFullName] VARCHAR(31)
,[ExternalGUID] VARCHAR(40)
,[TaxRegistrationNumber] VARCHAR(30)
,[CurrencyRefListID] VARCHAR(36)
,[CurrencyRefFullName] VARCHAR(64)
,[CustomFieldCOMMISSIONRATE] VARCHAR(30)
,[CustomFieldPEIN] VARCHAR(30)
,[CustomFieldPO] VARCHAR(30)
,[CustomFieldSOW] VARCHAR(30)
,[CustomFieldWORKORDER] VARCHAR(30)

2021-11-08 15:59:24,751 *************** DDL for -> ModifyOutwardGroupLine *********
2021-11-08 15:59:24,781 ,[TxnID] VARCHAR(36)
,[TableName] VARCHAR(31)
,[TimeCreated] DATETIME
,[TimeModified] DATETIME
,[EditSequence] VARCHAR(16)
,[ModifyOutwardGroupLineType] VARCHAR(11)
,[ModifyOutwardGroupLineGroupTxnLineID] VARCHAR(36)
,[ModifyOutwardGroupLineGroupItemGroupRefListID] VARCHAR(36)
,[ModifyOutwardGroupLineGroupItemGroupRefFullName] VARCHAR(31)
,[ModifyOutwardGroupLineGroupDesc] VARCHAR(4095)
,[ModifyOutwardGroupLineGroupQuantity] NUMERIC(16,5)
,[ModifyOutwardGroupLineGroupUnitOfMeasure] VARCHAR(31)
,[ModifyOutwardGroupLineGroupOverrideUOMSetRefListID] VARCHAR(36)
,[ModifyOutwardGroupLineGroupOverrideUOMSetRefFullName] VARCHAR(31)
,[ModifyOutwardGroupLineGroupIsPrintItemsInGroup] BIT
,[ModifyOutwardGroupLineGroupTotalAmount] NUMERIC(13,2)
,[ModifyOutwardGroupLineGroupSeqNo] INTEGER
,[ModifyOutwardGroupLineTxnLineID] VARCHAR(36)
,[ModifyOutwardGroupLineItemRefListID] VARCHAR(36)
,[ModifyOutwardGroupLineItemRefFullName] VARCHAR(159)
,[ModifyOutwardGroupLineDesc] VARCHAR(4095)
,[ModifyOutwardGroupLineQuantity] NUMERIC(16,5)
,[ModifyOutwardGroupLineUnitOfMeasure] VARCHAR(31)
,[ModifyOutwardGroupLineOverrideUOMSetRefListID] VARCHAR(36)
,[ModifyOutwardGroupLineOverrideUOMSetRefFullName] VARCHAR(31)
,[ModifyOutwardGroupLineRate] NUMERIC(16,5)
,[ModifyOutwardGroupLineRatePercent] NUMERIC(16,5)
,[ModifyOutwardGroupLinePriceLevelRefListID] VARCHAR(36)
,[ModifyOutwardGroupLinePriceLevelRefFullName] VARCHAR(159)
,[ModifyOutwardGroupLineClassRefListID] VARCHAR(36)
,[ModifyOutwardGroupLineClassRefFullName] VARCHAR(159)
,[ModifyOutwardGroupLineAmount] NUMERIC(13,2)
,[ModifyOutwardGroupLineOptionForPriceRuleConflict] VARCHAR(23)
,[ModifyOutwardGroupLineInventorySiteRefListID] VARCHAR(36)
,[ModifyOutwardGroupLineInventorySiteRefFullName] VARCHAR(31)
,[ModifyOutwardGroupLineInventorySiteLocationRefListID] VARCHAR(36)
,[ModifyOutwardGroupLineInventorySiteLocationRefFullName] VARCHAR(31)
,[ModifyOutwardGroupLineSerialNumber] VARCHAR(4095)
,[ModifyOutwardGroupLineLotNumber] VARCHAR(40)
,[ModifyOutwardGroupLineServiceDate] DATE
,[ModifyOutwardGroupLineSalesTaxCodeRefListID] VARCHAR(36)
,[ModifyOutwardGroupLineSalesTaxCodeRefFullName] VARCHAR(3)
,[ModifyOutwardGroupLineOverrideItemAccountRefListID] VARCHAR(36)
,[ModifyOutwardGroupLineOverrideItemAccountRefFullName] VARCHAR(159)
,[ModifyOutwardGroupLineCustomFieldOther1] VARCHAR(29)
,[ModifyOutwardGroupLineCustomFieldOther2] VARCHAR(29)
,[FQPrimaryKey] VARCHAR(110)

2021-11-08 15:59:24,787 Total Execution elapsed time -> 16.6133
2021-11-08 15:59:24,788 Closing DB Connection "QbSourceConnection"
